<?xml version="1.0" encoding="UTF-8"?>
<testsuite name="net.internalerror.MainTest" tests="1" skipped="0" failures="0" errors="0" timestamp="2024-03-11T07:48:04" hostname="SWP-PF4HD90L" time="0.043">
  <properties/>
  <testcase name="testShout()" classname="net.internalerror.MainTest" time="0.043"/>
  <system-out><![CDATA[## hello!
]]></system-out>
  <system-err><![CDATA[]]></system-err>
</testsuite>
